<?xml version="1.0" encoding="UTF-8"?>
<!-- Generated by org.testng.reporters.JUnitReportReporter -->
<testsuite skipped="0" hostname="AnkurChaudhary" name="testCases.BudgetAnonymousTestCases" tests="1" failures="0" timestamp="2023-03-06T15:33:31 IST" time="140.504" errors="0">
  <testcase name="AnonymousUserTestCases" time="140.504" classname="testCases.BudgetAnonymousTestCases"/>
  <system-out/>
</testsuite> <!-- testCases.BudgetAnonymousTestCases -->
