<?xml version="1.0" encoding="UTF-8"?>
<!-- Generated by org.testng.reporters.JUnitReportReporter -->
<testsuite skipped="0" hostname="AnkurChaudhary" name="testCases.BudgetAuthenticateTestCases" tests="1" failures="0" timestamp="2023-03-06T14:18:57 IST" time="13.229" errors="0">
  <testcase name="AuthenticateUserTestCases" time="13.229" classname="testCases.BudgetAuthenticateTestCases"/>
  <system-out/>
</testsuite> <!-- testCases.BudgetAuthenticateTestCases -->
