<?xml version="1.0" encoding="UTF-8"?>
<!-- Generated by org.testng.reporters.JUnitReportReporter -->
<testsuite skipped="0" hostname="AnkurChaudhary" name="testCases.PaylessAuthenticatedTestCases" tests="1" failures="0" timestamp="2023-03-06T19:34:26 IST" time="6.900" errors="0">
  <testcase name="AuthenticatedUserTestCases" time="6.900" classname="testCases.PaylessAuthenticatedTestCases"/>
  <system-out/>
</testsuite> <!-- testCases.PaylessAuthenticatedTestCases -->
