<testcase name="Paylesscar_RES_Profile_G_typeCoupon_Extras_Paylater_US"  classname=" com.abg.payless.PaylessAuthenticatedTestCases"/>
<testcase name="Paylesscar_RES_Profile_Outbound_PDN_Paylater_US"  classname=" com.abg.payless.PaylessAuthenticatedTestCases"/>
<testcase name="Paylesscar_RES_Profile_Inbound_IATA_M_type_PayLater_US"  classname=" com.abg.payless.PaylessAuthenticatedTestCases">
<failure type="org.openqa.selenium.NoSuchElementException" message=" no such element">
<![CDATA[ Unable to locate elementno such element: Unable to locate element: {"method":"xpath","selector":"//h1[@ng-if="(vm.pageName == carRentalConstant.confirmationPage || (vm.pageName == '/display-confirmationPage')) && !vm.disableModifyCancel"]"}
  (Session info: chrome=109.0.5414.120)
For documentation on this error, please visit: https://www.seleniumhq.org/exceptions/no_such_element.html
Build info: version: '3.141.59', revision: 'e82be7d358', time: '2018-11-14T08:17:03'
System info: host: 'ANKURCHAUDHARY', ip: '172.25.208.1', os.name: 'Windows 10', os.arch: 'x86', os.version: '10.0', java.version: '1.8.0_192'
Driver info: org.openqa.selenium.chrome.ChromeDriver
Capabilities {acceptInsecureCerts: true, browserName: chrome, browserVersion: 109.0.5414.120, chrome: {chromedriverVersion: 109.0.5414.74 (e7c5703604da..., userDataDir: C:\Users\Lenovo\AppData\Loc...}, goog:chromeOptions: {debuggerAddress: localhost:60234}, javascriptEnabled: true, networkConnectionEnabled: false, pageLoadStrategy: normal, platform: WINDOWS, platformName: WINDOWS, proxy: Proxy(), setWindowRect: true, strictFileInteractability: false, timeouts: {implicit: 0, pageLoad: 300000, script: 30000}, unhandledPromptBehavior: dismiss and notify, webauthn:extension:credBlob: true, webauthn:extension:largeBlob: true, webauthn:virtualAuthenticators: true}
Session ID: 6394b726112e723343c7281390a64d6e
*** Element info: {Using=xpath, value=//h1[@ng-if="(vm.pageName == carRentalConstant.confirmationPage || (vm.pageName == '/display-confirmationPage')) && !vm.disableModifyCancel"]}]]>
</failure>
</testcase>
<testcase name="Paylesscar_RES_Profile_Modify_cancel_flow_Step1_to_Step4_US"  classname=" com.abg.payless.PaylessAuthenticatedTestCases"/>
