<testcase name="Paylesscar_RES_Inbound_IATA_M_type_PayLater_US"  classname=" com.abg.payless.PaylessAnonymousTestCases"/>
