<testsuite hostname="AnkurChaudhary" ignored="2" name="Test" tests="1" failures="0" timestamp="2023-01-17T11:51:36 IST" time="28.492" errors="0">
<testcase name="Paylesscar_RES_Profile_Modify_cancel_flow_Step1_to_Step4_US"  classname=" com.abg.payless.PaylessAuthenticatedTestCases"/>

</testsuite>
