<testcase name="NAA"  classname=" com.abg.payless.PaylessAnonymousUser"/>
