<testcase name="Paylesscar_RES_Verify_Underage_onStep1_keydrop_US"  classname=" com.abg.payless.PaylessAnonymousUser"/>
