<testsuite hostname="TestResult" ignored="2" name="Test" tests="1" failures="0" timestamp="2023-01-17T11:51:36 IST" time="28.492" errors="0">
<testcase name="Paylesscar_RES_Profile_Modify_cancel_flow_Step1_to_Step4_US"  classname=" com.abg.payless.PaylessAuthenticatedTestCases">
<failure type="org.openqa.selenium.WebDriverException" message=" target frame detached
  (Session info">
<![CDATA[ chrome=109.0.5414.119)
Build infotarget frame detached
  (Session info: chrome=109.0.5414.119)
Build info: version: '3.141.59', revision: 'e82be7d358', time: '2018-11-14T08:17:03'
System info: host: 'StatusNeo.local', ip: 'fe80:0:0:0:476:33fb:d4fc:8717%en0', os.name: 'Mac OS X', os.arch: 'x86_64', os.version: '12.4', java.version: '18.0.1'
Driver info: org.openqa.selenium.chrome.ChromeDriver
Capabilities {acceptInsecureCerts: true, browserName: chrome, browserVersion: 109.0.5414.119, chrome: {chromedriverVersion: 109.0.5414.74 (e7c5703604da..., userDataDir: /var/folders/ny/q22cnl9s033...}, goog:chromeOptions: {debuggerAddress: localhost:63726}, javascriptEnabled: true, networkConnectionEnabled: false, pageLoadStrategy: normal, platform: MAC, platformName: MAC, proxy: Proxy(), setWindowRect: true, strictFileInteractability: false, timeouts: {implicit: 0, pageLoad: 300000, script: 30000}, unhandledPromptBehavior: dismiss and notify, webauthn:extension:credBlob: true, webauthn:extension:largeBlob: true, webauthn:virtualAuthenticators: true}
Session ID: de725a5f23f2d9ff8a6f9b867c7d6428
*** Element info: {Using=xpath, value=//h1[@ng-if="(vm.pageName == carRentalConstant.confirmationPage || (vm.pageName == '/display-confirmationPage')) && !vm.disableModifyCancel"]}]]>
</failure>
</testcase>
<testcase name="Paylesscar_RES_Profile_Outbound_DCC_Paynow_US"  classname=" com.abg.payless.PaylessAuthenticatedTestCases">
<failure type="org.openqa.selenium.WebDriverException" message=" target frame detached
  (Session info">
<![CDATA[ chrome=109.0.5414.119)
Build infotarget frame detached
  (Session info: chrome=109.0.5414.119)
Build info: version: '3.141.59', revision: 'e82be7d358', time: '2018-11-14T08:17:03'
System info: host: 'StatusNeo.local', ip: 'fe80:0:0:0:476:33fb:d4fc:8717%en0', os.name: 'Mac OS X', os.arch: 'x86_64', os.version: '12.4', java.version: '18.0.1'
Driver info: org.openqa.selenium.chrome.ChromeDriver
Capabilities {acceptInsecureCerts: true, browserName: chrome, browserVersion: 109.0.5414.119, chrome: {chromedriverVersion: 109.0.5414.74 (e7c5703604da..., userDataDir: /var/folders/ny/q22cnl9s033...}, goog:chromeOptions: {debuggerAddress: localhost:63948}, javascriptEnabled: true, networkConnectionEnabled: false, pageLoadStrategy: normal, platform: MAC, platformName: MAC, proxy: Proxy(), setWindowRect: true, strictFileInteractability: false, timeouts: {implicit: 0, pageLoad: 300000, script: 30000}, unhandledPromptBehavior: dismiss and notify, webauthn:extension:credBlob: true, webauthn:extension:largeBlob: true, webauthn:virtualAuthenticators: true}
Session ID: b7c81c6117fc516ff4d59808eacd2769
*** Element info: {Using=xpath, value=//h1[@ng-if="(vm.pageName == carRentalConstant.confirmationPage || (vm.pageName == '/display-confirmationPage')) && !vm.disableModifyCancel"]}]]>
</failure>
</testcase>
<testcase name="Paylesscar_RES_Profile_Verify_keydrop_US"  classname=" com.abg.payless.PaylessAuthenticatedTestCases">
<failure type="org.openqa.selenium.TimeoutException" message=" Expected condition failed">
<![CDATA[ waiting for visibility of [[ChromeDriverExpected condition failed: waiting for visibility of [[ChromeDriver: chrome on MAC (a37f87dae04a2088e4e5a7a7d18201b3)] -> id: username] (tried for 5 second(s) with 500 milliseconds interval)
Build info: version: '3.141.59', revision: 'e82be7d358', time: '2018-11-14T08:17:03'
System info: host: 'StatusNeo.local', ip: 'fe80:0:0:0:476:33fb:d4fc:8717%en0', os.name: 'Mac OS X', os.arch: 'x86_64', os.version: '12.4', java.version: '18.0.1'
Driver info: org.openqa.selenium.chrome.ChromeDriver
Capabilities {acceptInsecureCerts: true, browserName: chrome, browserVersion: 109.0.5414.119, chrome: {chromedriverVersion: 109.0.5414.74 (e7c5703604da..., userDataDir: /var/folders/ny/q22cnl9s033...}, goog:chromeOptions: {debuggerAddress: localhost:64193}, javascriptEnabled: true, networkConnectionEnabled: false, pageLoadStrategy: normal, platform: MAC, platformName: MAC, proxy: Proxy(), setWindowRect: true, strictFileInteractability: false, timeouts: {implicit: 0, pageLoad: 300000, script: 30000}, unhandledPromptBehavior: dismiss and notify, webauthn:extension:credBlob: true, webauthn:extension:largeBlob: true, webauthn:virtualAuthenticators: true}
Session ID: a37f87dae04a2088e4e5a7a7d18201b3]]>
</failure>
</testcase>

</testsuite>
